INFO: System started successfully
WARNING: Disk space running low
ERROR: Disk failure at sector 2048
INFO: User login successful
ERROR: Network connection failed
WARNING: Disk read error detected
INFO: Scheduled backup completed
ERROR: Disk write failure occurred
WARNING: CPU temperature high
INFO: Security scan initiated
ERROR: Database connection timeout
WARNING: Low memory available
INFO: User logout successful
ERROR: Disk controller not responding
WARNING: Network latency detected
INFO: Application update installed
ERROR: File system corruption detected
WARNING: Disk nearing capacity
INFO: System shutdown initiated
ERROR: Network packet loss detected
WARNING: Unauthorized login attempt detected
INFO: Service restarted successfully
ERROR: Disk mount failure
WARNING: High disk I/O usage
INFO: Configuration loaded successfully
ERROR: Memory allocation failed
WARNING: Disk synchronization delayed
INFO: Cache cleared successfully
ERROR: Network adapter malfunction
WARNING: Disk overheating detected
INFO: Maintenance mode enabled
ERROR: Disk partition missing
WARNING: Firewall configuration issue
INFO: Backup verification successful
ERROR: Disk access denied
WARNING: Disk usage exceeded threshold
INFO: User password changed
ERROR: Kernel panic occurred
WARNING: Disk read retry limit reached
INFO: Monitoring service started
ERROR: Disk driver corrupted
WARNING: Power supply unstable
INFO: Log rotation completed
ERROR: Disk formatting error
WARNING: Network congestion detected
INFO: System performance stable
ERROR: Disk initialization failed
WARNING: Disk SMART warning detected
INFO: Update process completed
ERROR: Disk cache corruption
WARNING: Disk error threshold exceeded 
